<?xml version="1.0" encoding="UTF-8"?>
<!-- Generated by org.testng.reporters.JUnitReportReporter -->
<testsuite skipped="0" hostname="IX8J8MHL3" name="TestRunner.Runner" tests="9" failures="0" timestamp="2022-05-27T10:18:31 IST" time="197.315" errors="0">
  <testcase name="runScenario" time="18.681" classname="TestRunner.Runner"/>
  <system-out/>
  <testcase name="runScenario" time="13.604" classname="TestRunner.Runner"/>
  <system-out/>
  <testcase name="runScenario" time="12.268" classname="TestRunner.Runner"/>
  <system-out/>
  <testcase name="runScenario" time="24.748" classname="TestRunner.Runner"/>
  <system-out/>
  <testcase name="runScenario" time="22.719" classname="TestRunner.Runner"/>
  <system-out/>
  <testcase name="runScenario" time="29.024" classname="TestRunner.Runner"/>
  <system-out/>
  <testcase name="runScenario" time="18.768" classname="TestRunner.Runner"/>
  <system-out/>
  <testcase name="runScenario" time="22.608" classname="TestRunner.Runner"/>
  <system-out/>
  <testcase name="runScenario" time="34.895" classname="TestRunner.Runner"/>
  <system-out/>
</testsuite> <!-- TestRunner.Runner -->
