<?xml version="1.0" encoding="UTF-8"?>
<!-- Generated by org.testng.reporters.JUnitReportReporter -->
<testsuite skipped="0" hostname="IX8J8MHL3" name="TestRunner.Runner" tests="1" failures="0" timestamp="2022-07-18T18:30:14 IST" time="44.987" errors="0">
  <testcase name="runScenario" time="44.987" classname="TestRunner.Runner"/>
  <system-out/>
</testsuite> <!-- TestRunner.Runner -->
